<?xml version="1.0" encoding="UTF-8"?>
<!-- Generated by org.testng.reporters.JUnitReportReporter -->
<testsuite hostname="LAPTOP-U6V22KKF" name="basics.AddBookWithDataProvider" tests="3" failures="0" timestamp="18 Oct 2020 07:32:38 GMT" time="4.716" errors="0">
  <testcase name="addBook" time="0.362" classname="basics.AddBookWithDataProvider"/>
  <testcase name="addBook" time="0.307" classname="basics.AddBookWithDataProvider"/>
  <testcase name="addBook" time="4.047" classname="basics.AddBookWithDataProvider"/>
</testsuite> <!-- basics.AddBookWithDataProvider -->
